<?xml version="1.0" encoding="UTF-8"?>
<coverage generated="1586806107995" clover="3.2.0">
  <project timestamp="1586806107995" name="All files">
    <metrics statements="24" coveredstatements="12" conditionals="6" coveredconditionals="4" methods="16" coveredmethods="7" elements="46" coveredelements="23" complexity="0" loc="24" ncloc="24" packages="7" files="9" classes="9"/>
    <package name="components.Filter.FilterItem">
      <metrics statements="4" coveredstatements="4" conditionals="2" coveredconditionals="2" methods="3" coveredmethods="3"/>
      <file name="FilterItem.vue" path="/home/lordpayso/Projects/RyanPays/components/Filter/FilterItem/FilterItem.vue">
        <metrics statements="4" coveredstatements="4" conditionals="2" coveredconditionals="2" methods="3" coveredmethods="3"/>
        <line num="1" count="59" type="stmt"/>
        <line num="33" count="17" type="cond" truecount="2" falsecount="0"/>
        <line num="40" count="2" type="stmt"/>
        <line num="44" count="2" type="stmt"/>
      </file>
    </package>
    <package name="components.Filter.FilterList">
      <metrics statements="3" coveredstatements="3" conditionals="0" coveredconditionals="0" methods="1" coveredmethods="1"/>
      <file name="FilterList.vue" path="/home/lordpayso/Projects/RyanPays/components/Filter/FilterList/FilterList.vue">
        <metrics statements="3" coveredstatements="3" conditionals="0" coveredconditionals="0" methods="1" coveredmethods="1"/>
        <line num="1" count="13" type="stmt"/>
        <line num="13" count="1" type="stmt"/>
        <line num="14" count="1" type="stmt"/>
      </file>
    </package>
    <package name="components.PageTitle">
      <metrics statements="3" coveredstatements="2" conditionals="0" coveredconditionals="0" methods="2" coveredmethods="1"/>
      <file name="PageTitle.vue" path="/home/lordpayso/Projects/RyanPays/components/PageTitle/PageTitle.vue">
        <metrics statements="3" coveredstatements="2" conditionals="0" coveredconditionals="0" methods="2" coveredmethods="1"/>
        <line num="1" count="9" type="stmt"/>
        <line num="8" count="1" type="stmt"/>
        <line num="14" count="0" type="stmt"/>
      </file>
    </package>
    <package name="components.Product.ProductItem">
      <metrics statements="2" coveredstatements="1" conditionals="2" coveredconditionals="2" methods="2" coveredmethods="1"/>
      <file name="ProductItem.vue" path="/home/lordpayso/Projects/RyanPays/components/Product/ProductItem/ProductItem.vue">
        <metrics statements="2" coveredstatements="1" conditionals="2" coveredconditionals="2" methods="2" coveredmethods="1"/>
        <line num="1" count="71" type="cond" truecount="2" falsecount="0"/>
        <line num="64" count="0" type="stmt"/>
      </file>
    </package>
    <package name="components.Product.ProductList">
      <metrics statements="3" coveredstatements="2" conditionals="0" coveredconditionals="0" methods="2" coveredmethods="1"/>
      <file name="ProductList.vue" path="/home/lordpayso/Projects/RyanPays/components/Product/ProductList/ProductList.vue">
        <metrics statements="3" coveredstatements="2" conditionals="0" coveredconditionals="0" methods="2" coveredmethods="1"/>
        <line num="1" count="13" type="stmt"/>
        <line num="12" count="1" type="stmt"/>
        <line num="20" count="0" type="stmt"/>
      </file>
    </package>
    <package name="pages">
      <metrics statements="7" coveredstatements="0" conditionals="2" coveredconditionals="0" methods="4" coveredmethods="0"/>
      <file name="index.vue" path="/home/lordpayso/Projects/RyanPays/pages/index.vue">
        <metrics statements="1" coveredstatements="0" conditionals="0" coveredconditionals="0" methods="1" coveredmethods="0"/>
        <line num="1" count="0" type="stmt"/>
      </file>
      <file name="products.vue" path="/home/lordpayso/Projects/RyanPays/pages/products.vue">
        <metrics statements="6" coveredstatements="0" conditionals="2" coveredconditionals="0" methods="3" coveredmethods="0"/>
        <line num="1" count="0" type="cond" truecount="0" falsecount="2"/>
        <line num="10" count="0" type="stmt"/>
        <line num="11" count="0" type="stmt"/>
        <line num="12" count="0" type="stmt"/>
        <line num="21" count="0" type="stmt"/>
        <line num="22" count="0" type="stmt"/>
      </file>
    </package>
    <package name="pages.products">
      <metrics statements="2" coveredstatements="0" conditionals="0" coveredconditionals="0" methods="2" coveredmethods="0"/>
      <file name="_category.vue" path="/home/lordpayso/Projects/RyanPays/pages/products/_category.vue">
        <metrics statements="1" coveredstatements="0" conditionals="0" coveredconditionals="0" methods="1" coveredmethods="0"/>
        <line num="1" count="0" type="stmt"/>
      </file>
      <file name="index.vue" path="/home/lordpayso/Projects/RyanPays/pages/products/index.vue">
        <metrics statements="1" coveredstatements="0" conditionals="0" coveredconditionals="0" methods="1" coveredmethods="0"/>
        <line num="1" count="0" type="stmt"/>
      </file>
    </package>
  </project>
</coverage>
