TN:
SF:/home/lordpayso/Projects/RyanPays/components/Filter/FilterItem/FilterItem.vue
FN:32,(anonymous_0)
FN:39,(anonymous_1)
FN:1,(anonymous_2)
FNF:3
FNH:3
FNDA:17,(anonymous_0)
FNDA:2,(anonymous_1)
FNDA:19,(anonymous_2)
DA:1,59
DA:33,17
DA:40,2
DA:44,2
LF:4
LH:4
BRDA:33,0,0,2
BRDA:33,0,1,15
BRF:2
BRH:2
end_of_record
TN:
SF:/home/lordpayso/Projects/RyanPays/components/Filter/FilterList/FilterList.vue
FN:1,(anonymous_1)
FNF:1
FNH:1
FNDA:6,(anonymous_1)
DA:1,13
DA:13,1
DA:14,1
LF:3
LH:3
BRF:0
BRH:0
end_of_record
TN:
SF:/home/lordpayso/Projects/RyanPays/components/PageTitle/PageTitle.vue
FN:14,(anonymous_0)
FN:1,(anonymous_1)
FNF:2
FNH:1
FNDA:0,(anonymous_0)
FNDA:2,(anonymous_1)
DA:1,9
DA:8,1
DA:14,0
LF:3
LH:2
BRF:0
BRH:0
end_of_record
TN:
SF:/home/lordpayso/Projects/RyanPays/components/Product/ProductItem/ProductItem.vue
FN:63,(anonymous_0)
FN:1,(anonymous_1)
FNF:2
FNH:1
FNDA:0,(anonymous_0)
FNDA:47,(anonymous_1)
DA:1,71
DA:64,0
LF:2
LH:1
BRDA:1,0,0,19
BRDA:1,0,1,57
BRF:2
BRH:2
end_of_record
TN:
SF:/home/lordpayso/Projects/RyanPays/components/Product/ProductList/ProductList.vue
FN:19,(anonymous_1)
FN:1,(anonymous_2)
FNF:2
FNH:1
FNDA:0,(anonymous_1)
FNDA:6,(anonymous_2)
DA:1,13
DA:12,1
DA:20,0
LF:3
LH:2
BRF:0
BRH:0
end_of_record
TN:
SF:/home/lordpayso/Projects/RyanPays/pages/index.vue
FN:1,(anonymous_0)
FNF:1
FNH:0
FNDA:0,(anonymous_0)
DA:1,0
LF:1
LH:0
BRF:0
BRH:0
end_of_record
TN:
SF:/home/lordpayso/Projects/RyanPays/pages/products.vue
FN:21,(anonymous_1)
FN:22,(anonymous_2)
FN:1,(anonymous_3)
FNF:3
FNH:0
FNDA:0,(anonymous_1)
FNDA:0,(anonymous_2)
FNDA:0,(anonymous_3)
DA:1,0
DA:10,0
DA:11,0
DA:12,0
DA:21,0
DA:22,0
LF:6
LH:0
BRDA:1,0,0,0
BRDA:1,0,1,0
BRF:2
BRH:0
end_of_record
TN:
SF:/home/lordpayso/Projects/RyanPays/pages/products/_category.vue
FN:1,(anonymous_0)
FNF:1
FNH:0
FNDA:0,(anonymous_0)
DA:1,0
LF:1
LH:0
BRF:0
BRH:0
end_of_record
TN:
SF:/home/lordpayso/Projects/RyanPays/pages/products/index.vue
FN:1,(anonymous_0)
FNF:1
FNH:0
FNDA:0,(anonymous_0)
DA:1,0
LF:1
LH:0
BRF:0
BRH:0
end_of_record
